npm verbose cli /Users/01411043/.n/bin/node /Users/01411043/.n/bin/npm
npm info using npm@10.8.2
npm info using node@v20.20.0
npm verbose title npm install
npm verbose argv "install" "--loglevel" "verbose" "--no-audit"
npm verbose logfile logs-max:10 dir:/Users/01411043/.npm/_logs/2026-01-23T15_27_38_578Z-
npm verbose logfile /Users/01411043/.npm/_logs/2026-01-23T15_27_38_578Z-debug-0.log
npm http fetch GET 200 https://registry.npmmirror.com/@esbuild%2faix-ppc64 7ms (cache hit)
npm http fetch GET 200 https://registry.npmmirror.com/@esbuild%2fandroid-arm 2ms (cache hit)
npm http fetch GET 200 https://registry.npmmirror.com/@esbuild%2fandroid-arm64 2ms (cache hit)
npm http fetch GET 200 https://registry.npmmirror.com/@esbuild%2fandroid-x64 2ms (cache hit)
npm http fetch GET 200 https://registry.npmmirror.com/@esbuild%2fdarwin-x64 2ms (cache hit)
npm http fetch GET 200 https://registry.npmmirror.com/@esbuild%2ffreebsd-arm64 2ms (cache hit)
npm http fetch GET 200 https://registry.npmmirror.com/@esbuild%2ffreebsd-x64 2ms (cache hit)
npm http fetch GET 200 https://registry.npmmirror.com/@esbuild%2flinux-arm 1ms (cache hit)
npm http fetch GET 200 https://registry.npmmirror.com/@esbuild%2flinux-arm64 2ms (cache hit)
npm http fetch GET 200 https://registry.npmmirror.com/@esbuild%2flinux-ia32 3ms (cache hit)
npm http fetch GET 200 https://registry.npmmirror.com/@esbuild%2flinux-loong64 2ms (cache hit)
npm http fetch GET 200 https://registry.npmmirror.com/@esbuild%2flinux-mips64el 1ms (cache hit)
npm http fetch GET 200 https://registry.npmmirror.com/@esbuild%2flinux-ppc64 2ms (cache hit)
npm http fetch GET 200 https://registry.npmmirror.com/@esbuild%2flinux-riscv64 2ms (cache hit)
npm http fetch GET 200 https://registry.npmmirror.com/@esbuild%2flinux-s390x 2ms (cache hit)
npm http fetch GET 200 https://registry.npmmirror.com/@esbuild%2flinux-x64 2ms (cache hit)
npm http fetch GET 200 https://registry.npmmirror.com/@esbuild%2fnetbsd-x64 2ms (cache hit)
npm http fetch GET 200 https://registry.npmmirror.com/@esbuild%2fopenbsd-x64 2ms (cache hit)
npm http fetch GET 200 https://registry.npmmirror.com/@esbuild%2fsunos-x64 1ms (cache hit)
npm http fetch GET 200 https://registry.npmmirror.com/@esbuild%2fwin32-arm64 2ms (cache hit)
npm http fetch GET 200 https://registry.npmmirror.com/@esbuild%2fwin32-ia32 2ms (cache hit)
npm http fetch GET 200 https://registry.npmmirror.com/@esbuild%2fwin32-x64 3ms (cache hit)
npm http fetch GET 200 https://registry.npmmirror.com/@rollup%2frollup-android-arm64 5ms (cache hit)
npm http fetch GET 200 https://registry.npmmirror.com/@rollup%2frollup-win32-arm64-msvc 2ms (cache hit)
npm http fetch GET 200 https://registry.npmmirror.com/@rollup%2frollup-freebsd-arm64 2ms (cache hit)
npm http fetch GET 200 https://registry.npmmirror.com/@rollup%2frollup-linux-arm64-gnu 2ms (cache hit)
npm http fetch GET 200 https://registry.npmmirror.com/@rollup%2frollup-linux-arm64-musl 3ms (cache hit)
npm http fetch GET 200 https://registry.npmmirror.com/@rollup%2frollup-android-arm-eabi 2ms (cache hit)
npm http fetch GET 200 https://registry.npmmirror.com/@rollup%2frollup-linux-arm-gnueabihf 2ms (cache hit)
npm http fetch GET 200 https://registry.npmmirror.com/@rollup%2frollup-linux-arm-musleabihf 3ms (cache hit)
npm http fetch GET 200 https://registry.npmmirror.com/@rollup%2frollup-win32-ia32-msvc 2ms (cache hit)
npm http fetch GET 200 https://registry.npmmirror.com/@rollup%2frollup-linux-loong64-gnu 2ms (cache hit)
npm http fetch GET 200 https://registry.npmmirror.com/@rollup%2frollup-linux-loong64-musl 2ms (cache hit)
npm http fetch GET 200 https://registry.npmmirror.com/@rollup%2frollup-linux-riscv64-gnu 2ms (cache hit)
npm http fetch GET 200 https://registry.npmmirror.com/@rollup%2frollup-linux-riscv64-musl 2ms (cache hit)
npm http fetch GET 200 https://registry.npmmirror.com/@rollup%2frollup-linux-ppc64-gnu 4ms (cache hit)
npm http fetch GET 200 https://registry.npmmirror.com/@rollup%2frollup-linux-ppc64-musl 4ms (cache hit)
npm http fetch GET 200 https://registry.npmmirror.com/@rollup%2frollup-linux-s390x-gnu 1ms (cache hit)
npm http fetch GET 200 https://registry.npmmirror.com/@rollup%2frollup-darwin-x64 3ms (cache hit)
npm http fetch GET 200 https://registry.npmmirror.com/@rollup%2frollup-win32-x64-gnu 1ms (cache hit)
npm http fetch GET 200 https://registry.npmmirror.com/@rollup%2frollup-win32-x64-msvc 2ms (cache hit)
npm http fetch GET 200 https://registry.npmmirror.com/@rollup%2frollup-freebsd-x64 3ms (cache hit)
npm http fetch GET 200 https://registry.npmmirror.com/@rollup%2frollup-linux-x64-gnu 2ms (cache hit)
npm http fetch GET 200 https://registry.npmmirror.com/@rollup%2frollup-linux-x64-musl 2ms (cache hit)
npm http fetch GET 200 https://registry.npmmirror.com/@rollup%2frollup-openbsd-x64 2ms (cache hit)
npm http fetch GET 200 https://registry.npmmirror.com/@rollup%2frollup-openharmony-arm64 2ms (cache hit)
npm verbose reify failed optional dependency /Users/01411043/code/ShowHub/node_modules/rollup/node_modules/@rollup/rollup-win32-x64-msvc
npm verbose reify failed optional dependency /Users/01411043/code/ShowHub/node_modules/rollup/node_modules/@rollup/rollup-win32-x64-gnu
npm verbose reify failed optional dependency /Users/01411043/code/ShowHub/node_modules/rollup/node_modules/@rollup/rollup-win32-ia32-msvc
npm verbose reify failed optional dependency /Users/01411043/code/ShowHub/node_modules/rollup/node_modules/@rollup/rollup-win32-arm64-msvc
npm verbose reify failed optional dependency /Users/01411043/code/ShowHub/node_modules/rollup/node_modules/@rollup/rollup-openharmony-arm64
npm verbose reify failed optional dependency /Users/01411043/code/ShowHub/node_modules/rollup/node_modules/@rollup/rollup-openbsd-x64
npm verbose reify failed optional dependency /Users/01411043/code/ShowHub/node_modules/rollup/node_modules/@rollup/rollup-linux-x64-musl
npm verbose reify failed optional dependency /Users/01411043/code/ShowHub/node_modules/rollup/node_modules/@rollup/rollup-linux-x64-gnu
npm verbose reify failed optional dependency /Users/01411043/code/ShowHub/node_modules/rollup/node_modules/@rollup/rollup-linux-s390x-gnu
npm verbose reify failed optional dependency /Users/01411043/code/ShowHub/node_modules/rollup/node_modules/@rollup/rollup-linux-riscv64-musl
npm verbose reify failed optional dependency /Users/01411043/code/ShowHub/node_modules/rollup/node_modules/@rollup/rollup-linux-riscv64-gnu
npm verbose reify failed optional dependency /Users/01411043/code/ShowHub/node_modules/rollup/node_modules/@rollup/rollup-linux-ppc64-musl
npm verbose reify failed optional dependency /Users/01411043/code/ShowHub/node_modules/rollup/node_modules/@rollup/rollup-linux-ppc64-gnu
npm verbose reify failed optional dependency /Users/01411043/code/ShowHub/node_modules/rollup/node_modules/@rollup/rollup-linux-loong64-musl
npm verbose reify failed optional dependency /Users/01411043/code/ShowHub/node_modules/rollup/node_modules/@rollup/rollup-linux-loong64-gnu
npm verbose reify failed optional dependency /Users/01411043/code/ShowHub/node_modules/rollup/node_modules/@rollup/rollup-linux-arm64-musl
npm verbose reify failed optional dependency /Users/01411043/code/ShowHub/node_modules/rollup/node_modules/@rollup/rollup-linux-arm64-gnu
npm verbose reify failed optional dependency /Users/01411043/code/ShowHub/node_modules/rollup/node_modules/@rollup/rollup-linux-arm-musleabihf
npm verbose reify failed optional dependency /Users/01411043/code/ShowHub/node_modules/rollup/node_modules/@rollup/rollup-linux-arm-gnueabihf
npm verbose reify failed optional dependency /Users/01411043/code/ShowHub/node_modules/rollup/node_modules/@rollup/rollup-freebsd-x64
npm verbose reify failed optional dependency /Users/01411043/code/ShowHub/node_modules/rollup/node_modules/@rollup/rollup-freebsd-arm64
npm verbose reify failed optional dependency /Users/01411043/code/ShowHub/node_modules/rollup/node_modules/@rollup/rollup-darwin-x64
npm verbose reify failed optional dependency /Users/01411043/code/ShowHub/node_modules/rollup/node_modules/@rollup/rollup-android-arm64
npm verbose reify failed optional dependency /Users/01411043/code/ShowHub/node_modules/rollup/node_modules/@rollup/rollup-android-arm-eabi
npm verbose reify failed optional dependency /Users/01411043/code/ShowHub/node_modules/esbuild/node_modules/@esbuild/win32-x64
npm verbose reify failed optional dependency /Users/01411043/code/ShowHub/node_modules/esbuild/node_modules/@esbuild/win32-ia32
npm verbose reify failed optional dependency /Users/01411043/code/ShowHub/node_modules/esbuild/node_modules/@esbuild/win32-arm64
npm verbose reify failed optional dependency /Users/01411043/code/ShowHub/node_modules/esbuild/node_modules/@esbuild/sunos-x64
npm verbose reify failed optional dependency /Users/01411043/code/ShowHub/node_modules/esbuild/node_modules/@esbuild/openbsd-x64
npm verbose reify failed optional dependency /Users/01411043/code/ShowHub/node_modules/esbuild/node_modules/@esbuild/netbsd-x64
npm verbose reify failed optional dependency /Users/01411043/code/ShowHub/node_modules/esbuild/node_modules/@esbuild/linux-x64
npm verbose reify failed optional dependency /Users/01411043/code/ShowHub/node_modules/esbuild/node_modules/@esbuild/linux-s390x
npm verbose reify failed optional dependency /Users/01411043/code/ShowHub/node_modules/esbuild/node_modules/@esbuild/linux-riscv64
npm verbose reify failed optional dependency /Users/01411043/code/ShowHub/node_modules/esbuild/node_modules/@esbuild/linux-ppc64
npm verbose reify failed optional dependency /Users/01411043/code/ShowHub/node_modules/esbuild/node_modules/@esbuild/linux-mips64el
npm verbose reify failed optional dependency /Users/01411043/code/ShowHub/node_modules/esbuild/node_modules/@esbuild/linux-loong64
npm verbose reify failed optional dependency /Users/01411043/code/ShowHub/node_modules/esbuild/node_modules/@esbuild/linux-ia32
npm verbose reify failed optional dependency /Users/01411043/code/ShowHub/node_modules/esbuild/node_modules/@esbuild/linux-arm64
npm verbose reify failed optional dependency /Users/01411043/code/ShowHub/node_modules/esbuild/node_modules/@esbuild/linux-arm
npm verbose reify failed optional dependency /Users/01411043/code/ShowHub/node_modules/esbuild/node_modules/@esbuild/freebsd-x64
npm verbose reify failed optional dependency /Users/01411043/code/ShowHub/node_modules/esbuild/node_modules/@esbuild/freebsd-arm64
npm verbose reify failed optional dependency /Users/01411043/code/ShowHub/node_modules/esbuild/node_modules/@esbuild/darwin-x64
npm verbose reify failed optional dependency /Users/01411043/code/ShowHub/node_modules/esbuild/node_modules/@esbuild/android-x64
npm verbose reify failed optional dependency /Users/01411043/code/ShowHub/node_modules/esbuild/node_modules/@esbuild/android-arm64
npm verbose reify failed optional dependency /Users/01411043/code/ShowHub/node_modules/esbuild/node_modules/@esbuild/android-arm
npm verbose reify failed optional dependency /Users/01411043/code/ShowHub/node_modules/esbuild/node_modules/@esbuild/aix-ppc64

removed 46 packages in 626ms

48 packages are looking for funding
  run `npm fund` for details
npm verbose cwd /Users/01411043/code/ShowHub
npm verbose os Darwin 25.2.0
npm verbose node v20.20.0
npm verbose npm  v10.8.2
npm verbose exit 0
npm info ok
